C:\USERS\ANAND KUMAR\DOCUMENTS\VISUAL STUDIO 2010\PROJECTS\BITMULTIPLICATION\BITMULTIPLICATION\DEBUG\BITMULTIPLICATION.EXE.EMBED.MANIFEST
C:\USERS\ANAND KUMAR\DOCUMENTS\VISUAL STUDIO 2010\PROJECTS\BITMULTIPLICATION\BITMULTIPLICATION\DEBUG\BITMULTIPLICATION.EXE.EMBED.MANIFEST.RES
C:\USERS\ANAND KUMAR\DOCUMENTS\VISUAL STUDIO 2010\PROJECTS\BITMULTIPLICATION\BITMULTIPLICATION\DEBUG\BITMULTIPLICATION.EXE.INTERMEDIATE.MANIFEST
C:\USERS\ANAND KUMAR\DOCUMENTS\VISUAL STUDIO 2010\PROJECTS\BITMULTIPLICATION\BITMULTIPLICATION\DEBUG\BITMULTIPLICATION.OBJ
C:\USERS\ANAND KUMAR\DOCUMENTS\VISUAL STUDIO 2010\PROJECTS\BITMULTIPLICATION\BITMULTIPLICATION\DEBUG\BITMULTIPLICATION.PCH
C:\Users\Anand Kumar\Documents\Visual Studio 2010\Projects\bitmultiplication\bitmultiplication\Debug\bitmultiplication.vcxprojResolveAssemblyReference.cache
C:\Users\Anand Kumar\Documents\Visual Studio 2010\Projects\bitmultiplication\bitmultiplication\Debug\bitmultiplication.write.1.tlog
C:\Users\Anand Kumar\Documents\Visual Studio 2010\Projects\bitmultiplication\bitmultiplication\Debug\bitmultiplication_manifest.rc
C:\Users\Anand Kumar\Documents\Visual Studio 2010\Projects\bitmultiplication\bitmultiplication\Debug\cl.command.1.tlog
C:\Users\Anand Kumar\Documents\Visual Studio 2010\Projects\bitmultiplication\bitmultiplication\Debug\CL.read.1.tlog
C:\Users\Anand Kumar\Documents\Visual Studio 2010\Projects\bitmultiplication\bitmultiplication\Debug\CL.write.1.tlog
C:\Users\Anand Kumar\Documents\Visual Studio 2010\Projects\bitmultiplication\bitmultiplication\Debug\link.6220.read.1.tlog
C:\Users\Anand Kumar\Documents\Visual Studio 2010\Projects\bitmultiplication\bitmultiplication\Debug\link.6220.write.1.tlog
C:\Users\Anand Kumar\Documents\Visual Studio 2010\Projects\bitmultiplication\bitmultiplication\Debug\link.6220-cvtres.read.1.tlog
C:\Users\Anand Kumar\Documents\Visual Studio 2010\Projects\bitmultiplication\bitmultiplication\Debug\link.6220-cvtres.write.1.tlog
C:\Users\Anand Kumar\Documents\Visual Studio 2010\Projects\bitmultiplication\bitmultiplication\Debug\link.command.1.tlog
C:\Users\Anand Kumar\Documents\Visual Studio 2010\Projects\bitmultiplication\bitmultiplication\Debug\link.read.1.tlog
C:\Users\Anand Kumar\Documents\Visual Studio 2010\Projects\bitmultiplication\bitmultiplication\Debug\link.write.1.tlog
C:\Users\Anand Kumar\Documents\Visual Studio 2010\Projects\bitmultiplication\bitmultiplication\Debug\link-cvtres.read.1.tlog
C:\Users\Anand Kumar\Documents\Visual Studio 2010\Projects\bitmultiplication\bitmultiplication\Debug\link-cvtres.write.1.tlog
C:\Users\Anand Kumar\Documents\Visual Studio 2010\Projects\bitmultiplication\bitmultiplication\Debug\mt.command.1.tlog
C:\Users\Anand Kumar\Documents\Visual Studio 2010\Projects\bitmultiplication\bitmultiplication\Debug\mt.read.1.tlog
C:\Users\Anand Kumar\Documents\Visual Studio 2010\Projects\bitmultiplication\bitmultiplication\Debug\mt.write.1.tlog
C:\Users\Anand Kumar\Documents\Visual Studio 2010\Projects\bitmultiplication\bitmultiplication\Debug\rc.command.1.tlog
C:\Users\Anand Kumar\Documents\Visual Studio 2010\Projects\bitmultiplication\bitmultiplication\Debug\rc.read.1.tlog
C:\Users\Anand Kumar\Documents\Visual Studio 2010\Projects\bitmultiplication\bitmultiplication\Debug\rc.write.1.tlog
C:\USERS\ANAND KUMAR\DOCUMENTS\VISUAL STUDIO 2010\PROJECTS\BITMULTIPLICATION\BITMULTIPLICATION\DEBUG\STDAFX.OBJ
C:\Users\Anand Kumar\Documents\Visual Studio 2010\Projects\bitmultiplication\bitmultiplication\Debug\vc100.idb
C:\USERS\ANAND KUMAR\DOCUMENTS\VISUAL STUDIO 2010\PROJECTS\BITMULTIPLICATION\BITMULTIPLICATION\DEBUG\VC100.PDB
C:\USERS\ANAND KUMAR\DOCUMENTS\VISUAL STUDIO 2010\PROJECTS\BITMULTIPLICATION\DEBUG\BITMULTIPLICATION.EXE
C:\USERS\ANAND KUMAR\DOCUMENTS\VISUAL STUDIO 2010\PROJECTS\BITMULTIPLICATION\DEBUG\BITMULTIPLICATION.ILK
C:\USERS\ANAND KUMAR\DOCUMENTS\VISUAL STUDIO 2010\PROJECTS\BITMULTIPLICATION\DEBUG\BITMULTIPLICATION.PDB
