Build started 9/20/2013 9:57:36 PM.
     1>Project "c:\Users\anand kumar\documents\visual studio 2010\Projects\binerysearchtree\binerysearchtree\binerysearchtree.vcxproj" on node 2 (build target(s)).
     1>InitializeBuildStatus:
         Creating "Debug\binerysearchtree.unsuccessfulbuild" because "AlwaysCreate" was specified.
       ClCompile:
         All outputs are up-to-date.
         C:\Program Files (x86)\Microsoft Visual Studio 10.0\VC\bin\CL.exe /c /ZI /nologo /W3 /WX- /Od /Oy- /D WIN32 /D _DEBUG /D _CONSOLE /D _UNICODE /D UNICODE /Gm /EHsc /RTC1 /MDd /GS /fp:precise /Zc:wchar_t /Zc:forScope /Yu"StdAfx.h" /Fp"Debug\binerysearchtree.pch" /Fo"Debug\\" /Fd"Debug\vc100.pdb" /Gd /TP /analyze- /errorReport:prompt binerysearchtree.cpp
         binerysearchtree.cpp
     1>c:\users\anand kumar\documents\visual studio 2010\projects\binerysearchtree\binerysearchtree\binerysearchtree.cpp(123): warning C4996: 'scanf': This function or variable may be unsafe. Consider using scanf_s instead. To disable deprecation, use _CRT_SECURE_NO_WARNINGS. See online help for details.
                 c:\program files (x86)\microsoft visual studio 10.0\vc\include\stdio.h(304) : see declaration of 'scanf'
     1>c:\users\anand kumar\documents\visual studio 2010\projects\binerysearchtree\binerysearchtree\binerysearchtree.cpp(133): warning C4996: 'scanf': This function or variable may be unsafe. Consider using scanf_s instead. To disable deprecation, use _CRT_SECURE_NO_WARNINGS. See online help for details.
                 c:\program files (x86)\microsoft visual studio 10.0\vc\include\stdio.h(304) : see declaration of 'scanf'
     1>c:\users\anand kumar\documents\visual studio 2010\projects\binerysearchtree\binerysearchtree\binerysearchtree.cpp(141): warning C4996: 'getch': The POSIX name for this item is deprecated. Instead, use the ISO C++ conformant name: _getch. See online help for details.
                 c:\program files (x86)\microsoft visual studio 10.0\vc\include\conio.h(128) : see declaration of 'getch'
     1>c:\users\anand kumar\documents\visual studio 2010\projects\binerysearchtree\binerysearchtree\binerysearchtree.cpp(149): warning C4996: 'scanf': This function or variable may be unsafe. Consider using scanf_s instead. To disable deprecation, use _CRT_SECURE_NO_WARNINGS. See online help for details.
                 c:\program files (x86)\microsoft visual studio 10.0\vc\include\stdio.h(304) : see declaration of 'scanf'
     1>c:\users\anand kumar\documents\visual studio 2010\projects\binerysearchtree\binerysearchtree\binerysearchtree.cpp(175): warning C4996: 'getch': The POSIX name for this item is deprecated. Instead, use the ISO C++ conformant name: _getch. See online help for details.
                 c:\program files (x86)\microsoft visual studio 10.0\vc\include\conio.h(128) : see declaration of 'getch'
       ManifestResourceCompile:
         All outputs are up-to-date.
       Link:
         C:\Program Files (x86)\Microsoft Visual Studio 10.0\VC\bin\link.exe /ERRORREPORT:PROMPT /OUT:"c:\users\anand kumar\documents\visual studio 2010\Projects\binerysearchtree\Debug\binerysearchtree.exe" /INCREMENTAL /NOLOGO kernel32.lib user32.lib gdi32.lib winspool.lib comdlg32.lib advapi32.lib shell32.lib ole32.lib oleaut32.lib uuid.lib odbc32.lib odbccp32.lib /MANIFEST /ManifestFile:"Debug\binerysearchtree.exe.intermediate.manifest" /MANIFESTUAC:"level='asInvoker' uiAccess='false'" /DEBUG /PDB:"c:\users\anand kumar\documents\visual studio 2010\Projects\binerysearchtree\Debug\binerysearchtree.pdb" /SUBSYSTEM:CONSOLE /TLBID:1 /DYNAMICBASE /NXCOMPAT /IMPLIB:"c:\users\anand kumar\documents\visual studio 2010\Projects\binerysearchtree\Debug\binerysearchtree.lib" /MACHINE:X86 Debug\binerysearchtree.exe.embed.manifest.res
         Debug\binerysearchtree.obj
         Debug\stdafx.obj
       Manifest:
         C:\Program Files (x86)\Microsoft SDKs\Windows\v7.0A\bin\mt.exe /nologo /verbose /out:"Debug\binerysearchtree.exe.embed.manifest" /manifest Debug\binerysearchtree.exe.intermediate.manifest
         All outputs are up-to-date.
       LinkEmbedManifest:
         All outputs are up-to-date.
         binerysearchtree.vcxproj -> c:\users\anand kumar\documents\visual studio 2010\Projects\binerysearchtree\Debug\binerysearchtree.exe
       FinalizeBuildStatus:
         Deleting file "Debug\binerysearchtree.unsuccessfulbuild".
         Touching "Debug\binerysearchtree.lastbuildstate".
     1>Done Building Project "c:\Users\anand kumar\documents\visual studio 2010\Projects\binerysearchtree\binerysearchtree\binerysearchtree.vcxproj" (build target(s)).

Build succeeded.

Time Elapsed 00:00:00.77
